<?xml version="1.0" encoding="UTF-8"?>
<!-- Generated by org.testng.reporters.JUnitXMLReporter -->
<testsuite ignored="0" hostname="LuCiFeR" failures="0" tests="6" name="Default test" time="172.338" errors="0" timestamp="05 Jun 2021 05:37:26 GMT">
  <testcase classname="com.fb.account.setUp.UserProfile" name="addWorkplaceDetails" time="6.892"/>
  <testcase classname="com.fb.account.setUp.UserProfile" name="addSchoolDetails" time="13.142"/>
  <testcase classname="com.fb.account.setUp.UserProfile" name="addUniversityDetails" time="15.272"/>
  <testcase classname="com.fb.account.setUp.UserProfile" name="addCurrentCityDetails" time="5.385"/>
  <testcase classname="com.fb.account.setUp.UserProfile" name="addHometowndetails" time="5.559"/>
  <testcase classname="com.fb.account.setUp.UserProfile" name="addRelationshipStatus" time="4.661"/>
</testsuite> <!-- Default test -->
