<?xml version="1.0" encoding="UTF-8"?>
<testng-results ignored="0" total="6" passed="6" failed="0" skipped="0">
  <reporter-output>
  </reporter-output>
  <suite started-at="2021-06-05T05:34:33Z" name="Default suite" finished-at="2021-06-05T05:37:26Z" duration-ms="172338">
    <groups>
    </groups>
    <test started-at="2021-06-05T05:34:33Z" name="Default test" finished-at="2021-06-05T05:37:26Z" duration-ms="172338">
      <class name="com.fb.account.setUp.UserProfile">
        <test-method is-config="true" signature="setUp()[pri:0, instance:com.fb.account.setUp.UserProfile@6d07a63d]" started-at="2021-06-05T05:34:35Z" name="setUp" finished-at="2021-06-05T05:34:55Z" duration-ms="19127" status="PASS">
          <reporter-output>
          </reporter-output>
        </test-method> <!-- setUp -->
        <test-method signature="addWorkplaceDetails(java.lang.String, java.lang.String, java.lang.String, java.lang.String, java.lang.String, java.lang.String)[pri:1, instance:com.fb.account.setUp.UserProfile@6d07a63d]" started-at="2021-06-05T05:34:55Z" name="addWorkplaceDetails" data-provider="getWorkPlacedata" finished-at="2021-06-05T05:35:01Z" duration-ms="6892" status="PASS">
          <params>
            <param index="0">
              <value>
                <![CDATA[ServiceNow]]>
              </value>
            </param>
            <param index="1">
              <value>
                <![CDATA[QA]]>
              </value>
            </param>
            <param index="2">
              <value>
                <![CDATA[Bangalore]]>
              </value>
            </param>
            <param index="3">
              <value>
                <![CDATA[2018]]>
              </value>
            </param>
            <param index="4">
              <value>
                <![CDATA[May]]>
              </value>
            </param>
            <param index="5">
              <value>
                <![CDATA[8]]>
              </value>
            </param>
          </params>
          <reporter-output>
          </reporter-output>
        </test-method> <!-- addWorkplaceDetails -->
        <test-method is-config="true" signature="teardown()[pri:0, instance:com.fb.account.setUp.UserProfile@6d07a63d]" started-at="2021-06-05T05:35:01Z" name="teardown" finished-at="2021-06-05T05:35:03Z" duration-ms="1217" status="PASS">
          <reporter-output>
          </reporter-output>
        </test-method> <!-- teardown -->
        <test-method is-config="true" signature="setUp()[pri:0, instance:com.fb.account.setUp.UserProfile@6d07a63d]" started-at="2021-06-05T05:35:03Z" name="setUp" finished-at="2021-06-05T05:35:20Z" duration-ms="17573" status="PASS">
          <reporter-output>
          </reporter-output>
        </test-method> <!-- setUp -->
        <test-method signature="addSchoolDetails(java.lang.String, java.lang.String, java.lang.String, java.lang.String, java.lang.String, java.lang.String, java.lang.String)[pri:2, instance:com.fb.account.setUp.UserProfile@6d07a63d]" started-at="2021-06-05T05:35:20Z" name="addSchoolDetails" data-provider="getHighschooldata" finished-at="2021-06-05T05:35:34Z" duration-ms="13142" status="PASS">
          <params>
            <param index="0">
              <value>
                <![CDATA[St. Mary's Higher Primary School, Kundapur]]>
              </value>
            </param>
            <param index="1">
              <value>
                <![CDATA[2007]]>
              </value>
            </param>
            <param index="2">
              <value>
                <![CDATA[June]]>
              </value>
            </param>
            <param index="3">
              <value>
                <![CDATA[15]]>
              </value>
            </param>
            <param index="4">
              <value>
                <![CDATA[2010]]>
              </value>
            </param>
            <param index="5">
              <value>
                <![CDATA[March]]>
              </value>
            </param>
            <param index="6">
              <value>
                <![CDATA[26]]>
              </value>
            </param>
          </params>
          <reporter-output>
          </reporter-output>
        </test-method> <!-- addSchoolDetails -->
        <test-method is-config="true" signature="teardown()[pri:0, instance:com.fb.account.setUp.UserProfile@6d07a63d]" started-at="2021-06-05T05:35:34Z" name="teardown" finished-at="2021-06-05T05:35:35Z" duration-ms="1138" status="PASS">
          <reporter-output>
          </reporter-output>
        </test-method> <!-- teardown -->
        <test-method is-config="true" signature="setUp()[pri:0, instance:com.fb.account.setUp.UserProfile@6d07a63d]" started-at="2021-06-05T05:35:35Z" name="setUp" finished-at="2021-06-05T05:35:53Z" duration-ms="18398" status="PASS">
          <reporter-output>
          </reporter-output>
        </test-method> <!-- setUp -->
        <test-method signature="addUniversityDetails(java.lang.String, java.lang.String, java.lang.String, java.lang.String, java.lang.String, java.lang.String, java.lang.String, java.lang.String, java.lang.String)[pri:3, instance:com.fb.account.setUp.UserProfile@6d07a63d]" started-at="2021-06-05T05:35:53Z" name="addUniversityDetails" data-provider="getUniversitydata" finished-at="2021-06-05T05:36:09Z" duration-ms="15272" status="PASS">
          <params>
            <param index="0">
              <value>
                <![CDATA[CIT, Ponnampet]]>
              </value>
            </param>
            <param index="1">
              <value>
                <![CDATA[2015]]>
              </value>
            </param>
            <param index="2">
              <value>
                <![CDATA[August]]>
              </value>
            </param>
            <param index="3">
              <value>
                <![CDATA[14]]>
              </value>
            </param>
            <param index="4">
              <value>
                <![CDATA[2018]]>
              </value>
            </param>
            <param index="5">
              <value>
                <![CDATA[May]]>
              </value>
            </param>
            <param index="6">
              <value>
                <![CDATA[7]]>
              </value>
            </param>
            <param index="7">
              <value>
                <![CDATA[Electronics & Communication Engg]]>
              </value>
            </param>
            <param index="8">
              <value>
                <![CDATA[BE]]>
              </value>
            </param>
          </params>
          <reporter-output>
          </reporter-output>
        </test-method> <!-- addUniversityDetails -->
        <test-method is-config="true" signature="teardown()[pri:0, instance:com.fb.account.setUp.UserProfile@6d07a63d]" started-at="2021-06-05T05:36:09Z" name="teardown" finished-at="2021-06-05T05:36:10Z" duration-ms="1191" status="PASS">
          <reporter-output>
          </reporter-output>
        </test-method> <!-- teardown -->
        <test-method is-config="true" signature="setUp()[pri:0, instance:com.fb.account.setUp.UserProfile@6d07a63d]" started-at="2021-06-05T05:36:10Z" name="setUp" finished-at="2021-06-05T05:36:29Z" duration-ms="18826" status="PASS">
          <reporter-output>
          </reporter-output>
        </test-method> <!-- setUp -->
        <test-method signature="addCurrentCityDetails(java.lang.String)[pri:4, instance:com.fb.account.setUp.UserProfile@6d07a63d]" started-at="2021-06-05T05:36:29Z" name="addCurrentCityDetails" data-provider="getCurrentcitydata" finished-at="2021-06-05T05:36:34Z" duration-ms="5385" status="PASS">
          <params>
            <param index="0">
              <value>
                <![CDATA[Bangalore]]>
              </value>
            </param>
          </params>
          <reporter-output>
          </reporter-output>
        </test-method> <!-- addCurrentCityDetails -->
        <test-method is-config="true" signature="teardown()[pri:0, instance:com.fb.account.setUp.UserProfile@6d07a63d]" started-at="2021-06-05T05:36:34Z" name="teardown" finished-at="2021-06-05T05:36:35Z" duration-ms="1095" status="PASS">
          <reporter-output>
          </reporter-output>
        </test-method> <!-- teardown -->
        <test-method is-config="true" signature="setUp()[pri:0, instance:com.fb.account.setUp.UserProfile@6d07a63d]" started-at="2021-06-05T05:36:35Z" name="setUp" finished-at="2021-06-05T05:36:55Z" duration-ms="19214" status="PASS">
          <reporter-output>
          </reporter-output>
        </test-method> <!-- setUp -->
        <test-method signature="addHometowndetails(java.lang.String)[pri:5, instance:com.fb.account.setUp.UserProfile@6d07a63d]" started-at="2021-06-05T05:36:55Z" name="addHometowndetails" data-provider="getHometowndata" finished-at="2021-06-05T05:37:00Z" duration-ms="5559" status="PASS">
          <params>
            <param index="0">
              <value>
                <![CDATA[Kundapur]]>
              </value>
            </param>
          </params>
          <reporter-output>
          </reporter-output>
        </test-method> <!-- addHometowndetails -->
        <test-method is-config="true" signature="teardown()[pri:0, instance:com.fb.account.setUp.UserProfile@6d07a63d]" started-at="2021-06-05T05:37:00Z" name="teardown" finished-at="2021-06-05T05:37:02Z" duration-ms="1463" status="PASS">
          <reporter-output>
          </reporter-output>
        </test-method> <!-- teardown -->
        <test-method is-config="true" signature="setUp()[pri:0, instance:com.fb.account.setUp.UserProfile@6d07a63d]" started-at="2021-06-05T05:37:02Z" name="setUp" finished-at="2021-06-05T05:37:20Z" duration-ms="18006" status="PASS">
          <reporter-output>
          </reporter-output>
        </test-method> <!-- setUp -->
        <test-method signature="addRelationshipStatus(java.lang.String)[pri:6, instance:com.fb.account.setUp.UserProfile@6d07a63d]" started-at="2021-06-05T05:37:20Z" name="addRelationshipStatus" data-provider="getRelstatusdata" finished-at="2021-06-05T05:37:24Z" duration-ms="4661" status="PASS">
          <params>
            <param index="0">
              <value>
                <![CDATA[Single]]>
              </value>
            </param>
          </params>
          <reporter-output>
          </reporter-output>
        </test-method> <!-- addRelationshipStatus -->
        <test-method is-config="true" signature="teardown()[pri:0, instance:com.fb.account.setUp.UserProfile@6d07a63d]" started-at="2021-06-05T05:37:24Z" name="teardown" finished-at="2021-06-05T05:37:26Z" duration-ms="1146" status="PASS">
          <reporter-output>
          </reporter-output>
        </test-method> <!-- teardown -->
      </class> <!-- com.fb.account.setUp.UserProfile -->
    </test> <!-- Default test -->
  </suite> <!-- Default suite -->
</testng-results>
